2025-06-06 21:00:13.440 [main] INFO  c.v.p.PortalWebConsultaServer - Iniciando servidor Portal Web Consulta...
2025-06-06 21:00:13.441 [main] INFO  c.v.p.PortalWebConsultaServer - Inicializando conexión a la base de datos...
2025-06-06 21:00:13.447 [main] INFO  com.zaxxer.hikari.HikariDataSource - HikariPool-1 - Starting...
2025-06-06 21:00:13.492 [main] INFO  com.zaxxer.hikari.pool.HikariPool - HikariPool-1 - Added connection org.postgresql.jdbc.PgConnection@31e5415e
2025-06-06 21:00:13.493 [main] INFO  com.zaxxer.hikari.HikariDataSource - HikariPool-1 - Start completed.
2025-06-06 21:00:13.493 [main] INFO  c.v.p.PortalWebConsultaServer - Conexión a la base de datos establecida.
2025-06-06 21:00:13.493 [main] INFO  c.v.p.PortalWebConsultaServer - Creando adaptador Ice...
2025-06-06 21:00:13.498 [main] INFO  c.v.p.PortalWebConsultaServer - Adaptador Ice activado y listo para recibir conexiones.
2025-06-06 21:00:13.499 [main] INFO  c.v.p.PortalWebConsultaServer - Servidor iniciado y esperando conexiones...
2025-06-06 21:01:30.973 [main] INFO  c.v.p.PortalWebConsultaServer - Iniciando servidor Portal Web Consulta...
2025-06-06 21:01:30.974 [main] INFO  c.v.p.PortalWebConsultaServer - Inicializando conexión a la base de datos...
2025-06-06 21:01:30.980 [main] INFO  com.zaxxer.hikari.HikariDataSource - HikariPool-1 - Starting...
2025-06-06 21:01:31.032 [main] INFO  com.zaxxer.hikari.pool.HikariPool - HikariPool-1 - Added connection org.postgresql.jdbc.PgConnection@31e5415e
2025-06-06 21:01:31.032 [main] INFO  com.zaxxer.hikari.HikariDataSource - HikariPool-1 - Start completed.
2025-06-06 21:01:31.033 [main] INFO  c.v.p.PortalWebConsultaServer - Conexión a la base de datos establecida.
2025-06-06 21:01:31.033 [main] INFO  c.v.p.PortalWebConsultaServer - Creando adaptador Ice...
2025-06-06 21:01:31.038 [main] INFO  c.v.p.PortalWebConsultaServer - Adaptador Ice activado y listo para recibir conexiones.
2025-06-06 21:01:31.038 [main] INFO  c.v.p.PortalWebConsultaServer - Servidor iniciado y esperando conexiones...
2025-06-06 21:02:55.369 [main] INFO  c.v.p.PortalWebConsultaServer - Iniciando servidor Portal Web Consulta...
2025-06-06 21:02:55.370 [main] INFO  c.v.p.PortalWebConsultaServer - Inicializando conexión a la base de datos...
2025-06-06 21:02:55.379 [main] INFO  com.zaxxer.hikari.HikariDataSource - HikariPool-1 - Starting...
2025-06-06 21:02:55.434 [main] INFO  com.zaxxer.hikari.pool.HikariPool - HikariPool-1 - Added connection org.postgresql.jdbc.PgConnection@31e5415e
2025-06-06 21:02:55.434 [main] INFO  com.zaxxer.hikari.HikariDataSource - HikariPool-1 - Start completed.
2025-06-06 21:02:55.434 [main] INFO  c.v.p.PortalWebConsultaServer - Conexión a la base de datos establecida.
2025-06-06 21:02:55.434 [main] INFO  c.v.p.PortalWebConsultaServer - Creando adaptador Ice...
2025-06-06 21:02:55.439 [main] INFO  c.v.p.PortalWebConsultaServer - Adaptador Ice activado y listo para recibir conexiones.
2025-06-06 21:02:55.439 [main] INFO  c.v.p.PortalWebConsultaServer - Servidor iniciado y esperando conexiones...
2025-06-06 21:03:02.891 [main] INFO  c.v.p.PortalWebConsultaClient - Inicializando cliente...
2025-06-06 21:03:02.910 [main] INFO  c.v.p.PortalWebConsultaClient - Cliente conectado al servidor.
2025-06-06 21:03:02.911 [main] ERROR c.v.p.PortalWebConsultaClient - Error en el cliente: Cannot invoke "String.trim()" because the return value of "java.io.BufferedReader.readLine()" is null
java.lang.NullPointerException: Cannot invoke "String.trim()" because the return value of "java.io.BufferedReader.readLine()" is null
	at com.votaciones.portalwebconsulta.PortalWebConsultaClient.main(PortalWebConsultaClient.java:35)
2025-06-06 21:03:34.040 [main] INFO  c.v.p.PortalWebConsultaServer - Iniciando servidor Portal Web Consulta...
2025-06-06 21:03:34.041 [main] INFO  c.v.p.PortalWebConsultaServer - Inicializando conexión a la base de datos...
2025-06-06 21:03:34.046 [main] INFO  com.zaxxer.hikari.HikariDataSource - HikariPool-1 - Starting...
2025-06-06 21:03:34.097 [main] INFO  com.zaxxer.hikari.pool.HikariPool - HikariPool-1 - Added connection org.postgresql.jdbc.PgConnection@31e5415e
2025-06-06 21:03:34.097 [main] INFO  com.zaxxer.hikari.HikariDataSource - HikariPool-1 - Start completed.
2025-06-06 21:03:34.097 [main] INFO  c.v.p.PortalWebConsultaServer - Conexión a la base de datos establecida.
2025-06-06 21:03:34.097 [main] INFO  c.v.p.PortalWebConsultaServer - Creando adaptador Ice...
2025-06-06 21:03:34.103 [main] INFO  c.v.p.PortalWebConsultaServer - Adaptador Ice activado y listo para recibir conexiones.
2025-06-06 21:03:34.103 [main] INFO  c.v.p.PortalWebConsultaServer - Servidor iniciado y esperando conexiones...
2025-06-06 21:03:47.071 [main] INFO  c.v.p.PortalWebConsultaClient - Inicializando cliente...
2025-06-06 21:03:47.090 [main] INFO  c.v.p.PortalWebConsultaClient - Cliente conectado al servidor.
2025-06-06 21:04:38.900 [main] INFO  c.v.p.PortalWebConsultaServer - Iniciando servidor Portal Web Consulta...
2025-06-06 21:04:38.901 [main] INFO  c.v.p.PortalWebConsultaServer - Inicializando conexión a la base de datos...
2025-06-06 21:04:38.907 [main] INFO  com.zaxxer.hikari.HikariDataSource - HikariPool-1 - Starting...
2025-06-06 21:04:38.965 [main] INFO  com.zaxxer.hikari.pool.HikariPool - HikariPool-1 - Added connection org.postgresql.jdbc.PgConnection@31e5415e
2025-06-06 21:04:38.965 [main] INFO  com.zaxxer.hikari.HikariDataSource - HikariPool-1 - Start completed.
2025-06-06 21:04:38.965 [main] INFO  c.v.p.PortalWebConsultaServer - Conexión a la base de datos establecida.
2025-06-06 21:04:38.966 [main] INFO  c.v.p.PortalWebConsultaServer - Creando adaptador Ice...
2025-06-06 21:04:38.971 [main] INFO  c.v.p.PortalWebConsultaServer - Adaptador Ice activado y listo para recibir conexiones.
2025-06-06 21:04:38.971 [main] INFO  c.v.p.PortalWebConsultaServer - Servidor iniciado y esperando conexiones...
2025-06-06 21:04:47.637 [main] INFO  c.v.p.PortalWebConsultaClient - Inicializando cliente...
2025-06-06 21:04:47.660 [main] INFO  c.v.p.PortalWebConsultaClient - Cliente conectado al servidor.
2025-06-06 21:05:48.258 [main] INFO  c.v.p.PortalWebConsultaServer - Iniciando servidor Portal Web Consulta...
2025-06-06 21:05:48.259 [main] INFO  c.v.p.PortalWebConsultaServer - Inicializando conexión a la base de datos...
2025-06-06 21:05:48.265 [main] INFO  com.zaxxer.hikari.HikariDataSource - HikariPool-1 - Starting...
2025-06-06 21:05:48.316 [main] INFO  com.zaxxer.hikari.pool.HikariPool - HikariPool-1 - Added connection org.postgresql.jdbc.PgConnection@31e5415e
2025-06-06 21:05:48.316 [main] INFO  com.zaxxer.hikari.HikariDataSource - HikariPool-1 - Start completed.
2025-06-06 21:05:48.316 [main] INFO  c.v.p.PortalWebConsultaServer - Conexión a la base de datos establecida.
2025-06-06 21:05:48.316 [main] INFO  c.v.p.PortalWebConsultaServer - Creando adaptador Ice...
2025-06-06 21:05:48.321 [main] INFO  c.v.p.PortalWebConsultaServer - Adaptador Ice activado y listo para recibir conexiones.
2025-06-06 21:05:48.321 [main] INFO  c.v.p.PortalWebConsultaServer - Servidor iniciado y esperando conexiones...
2025-06-06 21:06:19.842 [main] INFO  c.v.p.PortalWebConsultaClient - Inicializando cliente...
2025-06-06 21:06:19.869 [main] INFO  c.v.p.PortalWebConsultaClient - Cliente conectado al servidor.
2025-06-06 21:38:06.314 [main] INFO  c.v.p.PortalWebConsultaServer - Iniciando servidor Portal Web Consulta...
2025-06-06 21:38:06.316 [main] INFO  c.v.p.PortalWebConsultaServer - Inicializando conexión a la base de datos...
2025-06-06 21:38:06.323 [main] INFO  com.zaxxer.hikari.HikariDataSource - HikariPool-1 - Starting...
2025-06-06 21:38:06.377 [main] INFO  com.zaxxer.hikari.pool.HikariPool - HikariPool-1 - Added connection org.postgresql.jdbc.PgConnection@31e5415e
2025-06-06 21:38:06.378 [main] INFO  com.zaxxer.hikari.HikariDataSource - HikariPool-1 - Start completed.
2025-06-06 21:38:06.378 [main] INFO  c.v.p.PortalWebConsultaServer - Conexión a la base de datos establecida.
2025-06-06 21:38:06.378 [main] INFO  c.v.p.PortalWebConsultaServer - Creando adaptador Ice...
2025-06-06 21:38:06.384 [main] INFO  c.v.p.PortalWebConsultaServer - Adaptador Ice activado y listo para recibir conexiones.
2025-06-06 21:38:06.384 [main] INFO  c.v.p.PortalWebConsultaServer - Servidor iniciado y esperando conexiones...
2025-06-06 21:38:28.346 [PortalWebConsulta.ThreadPool-1] INFO  c.v.p.PortalWebConsultaI - Recibiendo consulta para el documento: 1117013298
2025-06-06 21:38:28.352 [PortalWebConsulta.ThreadPool-1] DEBUG c.v.p.PortalWebConsultaI - Ejecutando consulta SQL:     SELECT c.nombres, c.apellidos, mv.numero as mesa, col.nombre as colegio, ciu.nombre as ciudad
    FROM ciudadanos c
    JOIN mesas_votacion mv ON c.mesa_id = mv.id
    JOIN colegios col ON mv.colegio_id = col.id
    JOIN ciudades ciu ON col.ciudad_id = ciu.id
    WHERE c.documento = ?

2025-06-06 21:38:28.356 [PortalWebConsulta.ThreadPool-1] INFO  c.v.p.PortalWebConsultaI - No se encontró información para el documento: 1117013298
2025-06-06 21:44:22.559 [main] INFO  c.v.p.PortalWebConsultaServer - Iniciando servidor Portal Web Consulta...
2025-06-06 21:44:22.560 [main] INFO  c.v.p.PortalWebConsultaServer - Inicializando conexión a la base de datos...
2025-06-06 21:44:22.566 [main] INFO  com.zaxxer.hikari.HikariDataSource - HikariPool-1 - Starting...
2025-06-06 21:44:22.618 [main] INFO  com.zaxxer.hikari.pool.HikariPool - HikariPool-1 - Added connection org.postgresql.jdbc.PgConnection@cad498c
2025-06-06 21:44:22.618 [main] INFO  com.zaxxer.hikari.HikariDataSource - HikariPool-1 - Start completed.
2025-06-06 21:44:22.619 [main] INFO  c.v.p.PortalWebConsultaServer - Conexión a la base de datos establecida.
2025-06-06 21:44:22.619 [main] INFO  c.v.p.PortalWebConsultaServer - Creando adaptador Ice...
2025-06-06 21:44:22.625 [main] INFO  c.v.p.PortalWebConsultaServer - Adaptador Ice activado y listo para recibir conexiones.
2025-06-06 21:44:22.625 [main] INFO  c.v.p.PortalWebConsultaServer - Servidor iniciado y esperando conexiones...
